[04Sep2024 00:00:00.428] [Server thread/INFO] [net.minecraft.server.MinecraftServer/]: [Not Secure] <fabri> onde
[04Sep2024 00:02:22.195] [Server thread/INFO] [net.minecraft.server.MinecraftServer/]: seta32 has made the advancement [Sneak 100]
[04Sep2024 00:02:27.041] [Server thread/INFO] [net.minecraft.server.MinecraftServer/]: [Not Secure] <fabri> pasa
[04Sep2024 00:03:14.729] [Server thread/INFO] [net.minecraft.server.MinecraftServer/]: [Not Secure] <seta32> que te paso
[04Sep2024 00:03:31.629] [Server thread/INFO] [net.minecraft.server.MinecraftServer/]: [Not Secure] <fabri> apura quiero ir
[04Sep2024 00:03:48.018] [Server thread/INFO] [net.minecraft.server.MinecraftServer/]: [Not Secure] <seta32> pero qe ps
[04Sep2024 00:03:52.679] [Server thread/INFO] [net.minecraft.server.MinecraftServer/]: [Not Secure] <fabri> ubi
[04Sep2024 00:04:44.244] [Server thread/INFO] [net.minecraft.server.MinecraftServer/]: [Not Secure] <seta32> xaero-waypoint:gil:G:-1191:-50:5:2:false:0:Internal-overworld-waypoints
[04Sep2024 00:05:18.246] [Server thread/INFO] [net.minecraft.server.MinecraftServer/]: [Not Secure] <fabri> voy a quitar la cama
[04Sep2024 00:05:23.420] [Server thread/INFO] [net.minecraft.server.MinecraftServer/]: [Not Secure] <fabri> tas bien no?
[04Sep2024 00:05:24.967] [Server thread/INFO] [net.minecraft.server.MinecraftServer/]: [Not Secure] <seta32> ok
[04Sep2024 00:06:08.343] [Server thread/INFO] [net.minecraft.server.MinecraftServer/]: [Not Secure] <fabri> bajesa no me solta la cama
[04Sep2024 00:06:20.725] [Server thread/INFO] [net.minecraft.server.MinecraftServer/]: [Not Secure] <seta32> ahg
[04Sep2024 00:06:43.132] [Server thread/INFO] [net.minecraft.server.MinecraftServer/]: [Not Secure] <fabri> a no s
[04Sep2024 00:06:44.793] [Server thread/INFO] [net.minecraft.server.MinecraftServer/]: seta32 was shot by Skeleton
[04Sep2024 00:06:44.796] [Server thread/INFO] [tombstone/]: The player seta32 has successfully been saved
[04Sep2024 00:07:07.101] [Server thread/INFO] [net.minecraft.server.MinecraftServer/]: [seta32: Set own game mode to Creative Mode]
[04Sep2024 00:07:15.002] [Server thread/INFO] [net.minecraft.server.MinecraftServer/]: [seta32: Set own game mode to Survival Mode]
[04Sep2024 00:07:18.972] [Server thread/INFO] [net.minecraft.server.MinecraftServer/]: seta32 has made the advancement [The Most Useful Key]
[04Sep2024 00:07:25.392] [Server thread/INFO] [net.minecraft.server.MinecraftServer/]: seta32 has reached the goal [A Fast Comeback]
[04Sep2024 00:07:26.152] [Server thread/INFO] [net.minecraft.server.MinecraftServer/]: seta32 has reached the goal [Easy Opening]
[04Sep2024 00:09:28.301] [Server thread/INFO] [net.minecraft.server.MinecraftServer/]: seta32 has made the advancement [Where Is The Stone Pen?]
[04Sep2024 00:09:44.489] [Server thread/INFO] [net.minecraft.server.MinecraftServer/]: seta32 has made the advancement [Milka Oreo]
[04Sep2024 00:10:18.047] [Server thread/INFO] [net.minecraft.server.MinecraftServer/]: seta32 was blown up by Creeper
[04Sep2024 00:10:18.062] [Server thread/INFO] [tombstone/]: The player seta32 has successfully been saved
[04Sep2024 00:10:25.376] [Server thread/INFO] [net.minecraft.server.MinecraftServer/]: [seta32: Set own game mode to Creative Mode]
[04Sep2024 00:10:47.898] [Server thread/INFO] [net.minecraft.server.MinecraftServer/]: [seta32: Set own game mode to Survival Mode]
[04Sep2024 00:10:56.252] [Server thread/INFO] [net.minecraft.server.MinecraftServer/]: [seta32: Teleported seta32 to -1086.500000, -2.500000, -14.500000]
[04Sep2024 00:11:43.928] [Server thread/INFO] [net.minecraft.server.MinecraftServer/]: [Not Secure] <fabri> no hay la wba del guarden?
[04Sep2024 00:11:52.574] [Server thread/INFO] [net.minecraft.server.MinecraftServer/]: [Not Secure] <seta32> nad
[04Sep2024 00:12:57.409] [Server thread/INFO] [net.minecraft.server.MinecraftServer/]: fabri has made the advancement [Sneak 100]
[04Sep2024 00:13:44.301] [Server thread/INFO] [net.minecraft.server.MinecraftServer/]: [seta32: Set own game mode to Creative Mode]
[04Sep2024 00:13:51.752] [Server thread/INFO] [net.minecraft.server.MinecraftServer/]: [seta32: Set own game mode to Survival Mode]
[04Sep2024 00:13:54.141] [Server thread/INFO] [net.minecraft.server.MinecraftServer/]: [Not Secure] <fabri> a
[04Sep2024 00:13:58.640] [Server thread/INFO] [net.minecraft.server.MinecraftServer/]: [Not Secure] <seta32> lptmr
[04Sep2024 00:14:06.047] [Server thread/INFO] [net.minecraft.server.MinecraftServer/]: [Not Secure] <fabri> me la bajas
[04Sep2024 00:14:18.126] [Server thread/INFO] [net.minecraft.server.MinecraftServer/]: [Not Secure] <fabri> no hay decia
[04Sep2024 00:14:18.141] [Server thread/INFO] [net.minecraft.server.MinecraftServer/]: [Not Secure] <seta32> ni cuenta me di
[04Sep2024 00:15:02.613] [Server thread/INFO] [net.minecraft.server.MinecraftServer/]: [Not Secure] <fabri> yra su icono en el mapa es grandaso
[04Sep2024 00:16:52.724] [Server thread/INFO] [net.minecraft.server.MinecraftServer/]: [Not Secure] <fabri> oe si me salgo desaparece?
[04Sep2024 00:17:05.724] [Server thread/INFO] [net.minecraft.server.MinecraftServer/]: [Not Secure] <seta32> PUEDE SER
[04Sep2024 00:17:13.615] [Server thread/INFO] [net.minecraft.server.MinecraftServer/]: [Not Secure] <fabri> avr
[04Sep2024 00:17:15.514] [Server thread/INFO] [net.minecraft.server.MinecraftServer/]: seta32 has made the advancement [The Ultimate Simp]
[04Sep2024 00:17:15.893] [Server thread/INFO] [net.minecraft.server.network.ServerGamePacketListenerImpl/]: fabri lost connection: Disconnected
[04Sep2024 00:17:15.893] [Server thread/INFO] [net.minecraft.server.MinecraftServer/]: fabri left the game
[04Sep2024 00:17:32.497] [Server thread/INFO] [net.minecraft.server.players.PlayerList/]: fabri[/127.144.176.107:39375] logged in with entity id 79320 at (-1211.736948635644, -42.0, 5.901790469134452)
[04Sep2024 00:17:32.516] [Server thread/INFO] [net.minecraft.server.MinecraftServer/]: fabri joined the game
[04Sep2024 00:17:32.552] [Server thread/INFO] [Jade/]: Syncing config to fabri (10ec54f2-c5d4-35f8-b266-9ca5d363042c)
[04Sep2024 00:18:10.976] [Server thread/INFO] [net.minecraft.server.MinecraftServer/]: [Not Secure] <fabri> mucho desaparecio
[04Sep2024 00:19:00.639] [Server thread/INFO] [net.minecraft.server.MinecraftServer/]: fabri was obliterated by a sonically-charged shriek
[04Sep2024 00:19:00.654] [Server thread/INFO] [tombstone/]: The player fabri has successfully been saved
[04Sep2024 00:19:05.998] [Server thread/INFO] [net.minecraft.server.MinecraftServer/]: [Not Secure] <seta32> AHG
[04Sep2024 00:19:17.692] [Server thread/INFO] [net.minecraft.server.network.ServerGamePacketListenerImpl/]: fabri lost connection: Timed out
[04Sep2024 00:19:17.693] [Server thread/INFO] [net.minecraft.server.MinecraftServer/]: fabri left the game
[04Sep2024 00:20:00.951] [Server thread/INFO] [net.minecraft.server.players.PlayerList/]: fabri[/127.144.176.107:44007] logged in with entity id 80115 at (-1212.652600752683, -42.0, 9.310184166292494)
[04Sep2024 00:20:00.965] [Server thread/INFO] [net.minecraft.server.MinecraftServer/]: fabri joined the game
[04Sep2024 00:20:01.019] [Server thread/INFO] [Jade/]: Syncing config to fabri (10ec54f2-c5d4-35f8-b266-9ca5d363042c)
[04Sep2024 00:20:06.550] [Server thread/INFO] [net.minecraft.server.MinecraftServer/]: seta32 burned to death
[04Sep2024 00:20:06.553] [Server thread/INFO] [tombstone/]: The player seta32 has successfully been saved
[04Sep2024 00:20:12.475] [Server thread/INFO] [net.minecraft.server.MinecraftServer/]: [seta32: Teleported seta32 to -1115.500000, -50.500000, -117.500000]
[04Sep2024 00:21:01.541] [Server thread/INFO] [net.minecraft.server.MinecraftServer/]: fabri was obliterated by a sonically-charged shriek
[04Sep2024 00:21:01.553] [Server thread/INFO] [tombstone/]: The player fabri has successfully been saved
[04Sep2024 00:21:03.020] [Server thread/INFO] [net.minecraft.server.MinecraftServer/]: fabri has made the advancement [The Most Useful Key]
[04Sep2024 00:21:31.192] [Server thread/INFO] [net.minecraft.server.network.ServerGamePacketListenerImpl/]: fabri lost connection: Timed out
[04Sep2024 00:21:31.193] [Server thread/INFO] [net.minecraft.server.MinecraftServer/]: fabri left the game
[04Sep2024 00:21:57.050] [Server thread/INFO] [net.minecraft.server.players.PlayerList/]: fabri[/127.144.176.107:54153] logged in with entity id 81199 at (-1212.5734558141748, -42.0, 13.028377011551594)
[04Sep2024 00:21:57.091] [Server thread/INFO] [net.minecraft.server.MinecraftServer/]: fabri joined the game
[04Sep2024 00:21:57.115] [Server thread/INFO] [Jade/]: Syncing config to fabri (10ec54f2-c5d4-35f8-b266-9ca5d363042c)
[04Sep2024 00:22:16.592] [Server thread/INFO] [net.minecraft.server.MinecraftServer/]: fabri has reached the goal [Chain Death]
[04Sep2024 00:22:16.593] [Server thread/INFO] [net.minecraft.server.MinecraftServer/]: fabri was slain by Warden
[04Sep2024 00:22:16.599] [Server thread/INFO] [tombstone/]: The player fabri has successfully been saved
[04Sep2024 00:22:39.092] [Server thread/INFO] [net.minecraft.server.MinecraftServer/]: fabri was slain by Warden
[04Sep2024 00:22:39.100] [Server thread/INFO] [tombstone/]: The player fabri has successfully been saved
[04Sep2024 00:22:57.192] [Server thread/INFO] [net.minecraft.server.network.ServerGamePacketListenerImpl/]: fabri lost connection: Timed out
[04Sep2024 00:22:57.193] [Server thread/INFO] [net.minecraft.server.MinecraftServer/]: fabri left the game
